# JRE version: OpenJDK Runtime Environment (17.0.6) (build 17.0.6+0-b2043.56-9586694)
# Java VM: OpenJDK 64-Bit Server VM (17.0.6+0-b2043.56-9586694, mixed mode, tiered, compressed oops, compressed class ptrs, g1 gc, windows-amd64)
GC Precious Log:
 CPUs: 4 total, 4 available
 Memory: 7834M
 Large Page Support: Disabled
 NUMA Support: Disabled
 Compressed Oops: Enabled (32-bit)
 Heap Region Size: 1M
 Heap Min Capacity: 8M
 Heap Initial Capacity: 124M
 Heap Max Capacity: 2G
 Pre-touch: Disabled
 Parallel Workers: 4
 Concurrent Workers: 1
 Concurrent Refinement Workers: 4
 Periodic GC: Disabled
Heap:
 garbage-first heap   total 342016K, used 220760K [0x0000000080000000, 0x0000000100000000)
  region size 1024K, 96 young (98304K), 11 survivors (11264K)
 Metaspace       used 160825K, committed 162432K, reserved 1196032K
  class space    used 20797K, committed 21632K, reserved 1048576K
GC Heap History (20 events):
Event: 2941.677 GC heap before
{Heap before GC invocations=71 (full 0):
 garbage-first heap   total 482304K, used 399443K [0x0000000080000000, 0x0000000100000000)
  region size 1024K, 151 young (154624K), 15 survivors (15360K)
 Metaspace       used 158423K, committed 159552K, reserved 1187840K
  class space    used 20590K, committed 21184K, reserved 1048576K
}
Event: 2941.691 GC heap after
{Heap after GC invocations=72 (full 0):
 garbage-first heap   total 482304K, used 247513K [0x0000000080000000, 0x0000000100000000)
  region size 1024K, 12 young (12288K), 12 survivors (12288K)
 Metaspace       used 158423K, committed 159552K, reserved 1187840K
  class space    used 20590K, committed 21184K, reserved 1048576K
}
Event: 2971.838 GC heap before
{Heap before GC invocations=72 (full 0):
 garbage-first heap   total 482304K, used 412377K [0x0000000080000000, 0x0000000100000000)
  region size 1024K, 149 young (152576K), 12 survivors (12288K)
 Metaspace       used 158927K, committed 160192K, reserved 1187840K
  class space    used 20673K, committed 21312K, reserved 1048576K
}
Event: 2971.852 GC heap after
{Heap after GC invocations=73 (full 0):
 garbage-first heap   total 482304K, used 248384K [0x0000000080000000, 0x0000000100000000)
  region size 1024K, 7 young (7168K), 7 survivors (7168K)
 Metaspace       used 158927K, committed 160192K, reserved 1187840K
  class space    used 20673K, committed 21312K, reserved 1048576K
}
Event: 2998.454 GC heap before
{Heap before GC invocations=73 (full 0):
 garbage-first heap   total 482304K, used 420416K [0x0000000080000000, 0x0000000100000000)
  region size 1024K, 149 young (152576K), 7 survivors (7168K)
 Metaspace       used 159537K, committed 161088K, reserved 1196032K
  class space    used 20800K, committed 21568K, reserved 1048576K
}
Event: 2998.462 GC heap after
{Heap after GC invocations=74 (full 0):
 garbage-first heap   total 482304K, used 246711K [0x0000000080000000, 0x0000000100000000)
  region size 1024K, 6 young (6144K), 6 survivors (6144K)
 Metaspace       used 159537K, committed 161088K, reserved 1196032K
  class space    used 20800K, committed 21568K, reserved 1048576K
}
Event: 3018.633 GC heap before
{Heap before GC invocations=74 (full 0):
 garbage-first heap   total 482304K, used 425911K [0x0000000080000000, 0x0000000100000000)
  region size 1024K, 155 young (158720K), 6 survivors (6144K)
 Metaspace       used 159914K, committed 161472K, reserved 1196032K
  class space    used 20845K, committed 21632K, reserved 1048576K
}
Event: 3018.638 GC heap after
{Heap after GC invocations=75 (full 0):
 garbage-first heap   total 482304K, used 244552K [0x0000000080000000, 0x0000000100000000)
  region size 1024K, 4 young (4096K), 4 survivors (4096K)
 Metaspace       used 159914K, committed 161472K, reserved 1196032K
  class space    used 20845K, committed 21632K, reserved 1048576K
}
Event: 3031.364 GC heap before
{Heap before GC invocations=75 (full 0):
 garbage-first heap   total 482304K, used 431944K [0x0000000080000000, 0x0000000100000000)
  region size 1024K, 161 young (164864K), 4 survivors (4096K)
 Metaspace       used 160053K, committed 161664K, reserved 1196032K
  class space    used 20846K, committed 21632K, reserved 1048576K
}
Event: 3031.372 GC heap after
{Heap after GC invocations=76 (full 0):
 garbage-first heap   total 482304K, used 243927K [0x0000000080000000, 0x0000000100000000)
  region size 1024K, 3 young (3072K), 3 survivors (3072K)
 Metaspace       used 160053K, committed 161664K, reserved 1196032K
  class space    used 20846K, committed 21632K, reserved 1048576K
}
Event: 3221.076 GC heap before
{Heap before GC invocations=76 (full 0):
 garbage-first heap   total 482304K, used 437463K [0x0000000080000000, 0x0000000100000000)
  region size 1024K, 166 young (169984K), 3 survivors (3072K)
 Metaspace       used 160202K, committed 161792K, reserved 1196032K
  class space    used 20846K, committed 21632K, reserved 1048576K
}
Event: 3221.087 GC heap after
{Heap after GC invocations=77 (full 0):
 garbage-first heap   total 482304K, used 243930K [0x0000000080000000, 0x0000000100000000)
  region size 1024K, 3 young (3072K), 3 survivors (3072K)
 Metaspace       used 160202K, committed 161792K, reserved 1196032K
  class space    used 20846K, committed 21632K, reserved 1048576K
}
Event: 3631.417 GC heap before
{Heap before GC invocations=77 (full 0):
 garbage-first heap   total 482304K, used 359642K [0x0000000080000000, 0x0000000100000000)
  region size 1024K, 108 young (110592K), 3 survivors (3072K)
 Metaspace       used 160432K, committed 162048K, reserved 1196032K
  class space    used 20853K, committed 21632K, reserved 1048576K
}
Event: 3631.926 GC heap after
{Heap after GC invocations=78 (full 1):
 garbage-first heap   total 342016K, used 100215K [0x0000000080000000, 0x0000000100000000)
  region size 1024K, 0 young (0K), 0 survivors (0K)
 Metaspace       used 160162K, committed 162048K, reserved 1196032K
  class space    used 20787K, committed 21632K, reserved 1048576K
}
Event: 5055.154 GC heap before
{Heap before GC invocations=78 (full 1):
 garbage-first heap   total 342016K, used 302967K [0x0000000080000000, 0x0000000100000000)
  region size 1024K, 182 young (186368K), 0 survivors (0K)
 Metaspace       used 160343K, committed 162048K, reserved 1196032K
  class space    used 20790K, committed 21632K, reserved 1048576K
}
Event: 5055.208 GC heap after
{Heap after GC invocations=79 (full 1):
 garbage-first heap   total 342016K, used 112466K [0x0000000080000000, 0x0000000100000000)
  region size 1024K, 12 young (12288K), 12 survivors (12288K)
 Metaspace       used 160343K, committed 162048K, reserved 1196032K
  class space    used 20790K, committed 21632K, reserved 1048576K
}
Event: 5061.632 GC heap before
{Heap before GC invocations=79 (full 1):
 garbage-first heap   total 342016K, used 282450K [0x0000000080000000, 0x0000000100000000)
  region size 1024K, 175 young (179200K), 12 survivors (12288K)
 Metaspace       used 160576K, committed 162240K, reserved 1196032K
  class space    used 20790K, committed 21632K, reserved 1048576K
}
Event: 5061.700 GC heap after
{Heap after GC invocations=80 (full 1):
 garbage-first heap   total 342016K, used 124596K [0x0000000080000000, 0x0000000100000000)
  region size 1024K, 10 young (10240K), 10 survivors (10240K)
 Metaspace       used 160576K, committed 162240K, reserved 1196032K
  class space    used 20790K, committed 21632K, reserved 1048576K
}
Event: 5291.770 GC heap before
{Heap before GC invocations=80 (full 1):
 garbage-first heap   total 342016K, used 290484K [0x0000000080000000, 0x0000000100000000)
  region size 1024K, 159 young (162816K), 10 survivors (10240K)
 Metaspace       used 160720K, committed 162304K, reserved 1196032K
  class space    used 20791K, committed 21632K, reserved 1048576K
}
Event: 5291.783 GC heap after
{Heap after GC invocations=81 (full 1):
 garbage-first heap   total 342016K, used 123480K [0x0000000080000000, 0x0000000100000000)
  region size 1024K, 11 young (11264K), 11 survivors (11264K)
 Metaspace       used 160720K, committed 162304K, reserved 1196032K
  class space    used 20791K, committed 21632K, reserved 1048576K
}

